[debug] [2022-09-30T15:03:46.168Z] ----------------------------------------------------------------------
[debug] [2022-09-30T15:03:46.170Z] Command:       /home/steerpike/.nvm/versions/node/v16.14.0/bin/node /home/steerpike/.nvm/versions/node/v16.14.0/bin/firebase deploy
[debug] [2022-09-30T15:03:46.171Z] CLI Version:   11.10.0
[debug] [2022-09-30T15:03:46.171Z] Platform:      linux
[debug] [2022-09-30T15:03:46.171Z] Node Version:  v16.14.0
[debug] [2022-09-30T15:03:46.178Z] Time:          Fri Sep 30 2022 18:03:46 GMT+0300 (Eastern European Summer Time)
[debug] [2022-09-30T15:03:46.179Z] ----------------------------------------------------------------------
[debug] 
[debug] [2022-09-30T15:03:46.257Z] > command requires scopes: ["email","openid","https://www.googleapis.com/auth/cloudplatformprojects.readonly","https://www.googleapis.com/auth/firebase","https://www.googleapis.com/auth/cloud-platform"]
[debug] [2022-09-30T15:03:46.258Z] > authorizing via signed-in user (imthekoul@gmail.com)
[debug] [2022-09-30T15:03:46.258Z] [iam] checking project panagiotis-kostopoulos for permissions ["firebase.projects.get","firebasehosting.sites.update"]
[debug] [2022-09-30T15:03:46.260Z] >>> [apiv2][query] POST https://cloudresourcemanager.googleapis.com/v1/projects/panagiotis-kostopoulos:testIamPermissions [none]
[debug] [2022-09-30T15:03:46.260Z] >>> [apiv2][(partial)header] POST https://cloudresourcemanager.googleapis.com/v1/projects/panagiotis-kostopoulos:testIamPermissions x-goog-quota-user=projects/panagiotis-kostopoulos
[debug] [2022-09-30T15:03:46.261Z] >>> [apiv2][body] POST https://cloudresourcemanager.googleapis.com/v1/projects/panagiotis-kostopoulos:testIamPermissions {"permissions":["firebase.projects.get","firebasehosting.sites.update"]}
[debug] [2022-09-30T15:03:46.858Z] <<< [apiv2][status] POST https://cloudresourcemanager.googleapis.com/v1/projects/panagiotis-kostopoulos:testIamPermissions 200
[debug] [2022-09-30T15:03:46.858Z] <<< [apiv2][body] POST https://cloudresourcemanager.googleapis.com/v1/projects/panagiotis-kostopoulos:testIamPermissions {"permissions":["firebase.projects.get","firebasehosting.sites.update"]}
[debug] [2022-09-30T15:03:46.859Z] >>> [apiv2][query] GET https://firebase.googleapis.com/v1beta1/projects/panagiotis-kostopoulos [none]
[debug] [2022-09-30T15:03:47.388Z] <<< [apiv2][status] GET https://firebase.googleapis.com/v1beta1/projects/panagiotis-kostopoulos 200
[debug] [2022-09-30T15:03:47.389Z] <<< [apiv2][body] GET https://firebase.googleapis.com/v1beta1/projects/panagiotis-kostopoulos {"projectId":"panagiotis-kostopoulos","projectNumber":"71759950864","displayName":"panagiotis-kostopoulos","name":"projects/panagiotis-kostopoulos","resources":{"hostingSite":"panagiotis-kostopoulos"},"state":"ACTIVE","etag":"1_38ff5211-3b1b-47da-aa1c-90ccc510d478"}
[info] 
[info] === Deploying to 'panagiotis-kostopoulos'...
[info] 
[info] i  deploying hosting 
[debug] [2022-09-30T15:03:47.393Z] >>> [apiv2][query] GET https://firebase.googleapis.com/v1beta1/projects/panagiotis-kostopoulos [none]
